07/03/2023 18:57:12 - root - INFO - Arabic number 1523 was inserted !!
07/03/2023 19:12:16 - root - INFO - Arabic number 2132 was inserted !!
07/03/2023 19:41:25 - root - INFO - Arabic number iii was inserted !!
07/03/2023 19:41:25 - root - ERROR - Error occurred. Either "Arabic number" is not an integer or type of "Arabic number" is incompatible
07/03/2023 19:41:43 - root - INFO - Romanic number 123 was inserted !!
07/03/2023 19:42:30 - root - INFO - Romanic number mmmxxvi was inserted !!
07/03/2023 19:50:45 - root - INFO - Arabic number 2132 was inserted !!
07/03/2023 20:00:27 - root - INFO - Romanic number m was inserted !!
07/03/2023 20:02:02 - root - INFO - Arabic number 1253 was inserted !!
07/03/2023 20:02:58 - root - INFO - Romanic number m was inserted !!
07/03/2023 20:34:52 - root - INFO - Romanic number iii was inserted !!
07/03/2023 20:35:02 - root - INFO - Arabic number 123 was inserted !!
07/03/2023 20:48:17 - root - INFO - Romanic number iii was inserted !!
07/03/2023 20:48:35 - root - INFO - Romanic number m was inserted !!
07/03/2023 20:51:47 - root - INFO - Arabic number 1254 was inserted !!
07/03/2023 20:55:01 - root - INFO - Arabic number as was inserted !!
07/03/2023 20:55:01 - root - ERROR - Error occurred. Either "Arabic number" is not an integer or type of "Arabic number" is incompatible
07/03/2023 20:55:30 - root - INFO - Romanic number ar was inserted !!
07/03/2023 20:55:48 - root - INFO - Arabic number 1235 was inserted !!
07/03/2023 20:56:00 - root - INFO - Romanic number MCCXXXV was inserted !!
